{"E:\\code\\CLEAN-NODE-API\\src\\presentation\\controllers\\protocols\\signup\\signup.ts": {"path":"E:\\code\\CLEAN-NODE-API\\src\\presentation\\controllers\\protocols\\signup\\signup.ts","all":false,"statementMap":{"0":{"start":{"line":1,"column":0},"end":{"line":1,"column":102}},"1":{"start":{"line":2,"column":0},"end":{"line":2,"column":73}},"2":{"start":{"line":3,"column":0},"end":{"line":3,"column":69}},"3":{"start":{"line":4,"column":0},"end":{"line":4,"column":0}},"4":{"start":{"line":5,"column":0},"end":{"line":5,"column":53}},"5":{"start":{"line":6,"column":0},"end":{"line":6,"column":51}},"6":{"start":{"line":7,"column":0},"end":{"line":7,"column":43}},"7":{"start":{"line":8,"column":0},"end":{"line":8,"column":0}},"8":{"start":{"line":9,"column":0},"end":{"line":9,"column":73}},"9":{"start":{"line":10,"column":0},"end":{"line":10,"column":44}},"10":{"start":{"line":11,"column":0},"end":{"line":11,"column":36}},"11":{"start":{"line":12,"column":0},"end":{"line":12,"column":5}},"12":{"start":{"line":13,"column":0},"end":{"line":13,"column":52}},"13":{"start":{"line":14,"column":0},"end":{"line":14,"column":13}},"14":{"start":{"line":15,"column":0},"end":{"line":15,"column":88}},"15":{"start":{"line":16,"column":0},"end":{"line":16,"column":49}},"16":{"start":{"line":17,"column":0},"end":{"line":17,"column":47}},"17":{"start":{"line":18,"column":0},"end":{"line":18,"column":67}},"18":{"start":{"line":19,"column":0},"end":{"line":19,"column":17}},"19":{"start":{"line":20,"column":0},"end":{"line":20,"column":13}},"20":{"start":{"line":21,"column":0},"end":{"line":21,"column":84}},"21":{"start":{"line":22,"column":0},"end":{"line":22,"column":51}},"22":{"start":{"line":23,"column":0},"end":{"line":23,"column":80}},"23":{"start":{"line":24,"column":0},"end":{"line":24,"column":13}},"24":{"start":{"line":25,"column":0},"end":{"line":25,"column":79}},"25":{"start":{"line":26,"column":0},"end":{"line":26,"column":27}},"26":{"start":{"line":27,"column":0},"end":{"line":27,"column":65}},"27":{"start":{"line":28,"column":0},"end":{"line":28,"column":13}},"28":{"start":{"line":29,"column":0},"end":{"line":29,"column":49}},"29":{"start":{"line":30,"column":0},"end":{"line":30,"column":21}},"30":{"start":{"line":31,"column":0},"end":{"line":31,"column":22}},"31":{"start":{"line":32,"column":0},"end":{"line":32,"column":24}},"32":{"start":{"line":33,"column":0},"end":{"line":33,"column":14}},"33":{"start":{"line":34,"column":0},"end":{"line":34,"column":30}},"34":{"start":{"line":35,"column":0},"end":{"line":35,"column":25}},"35":{"start":{"line":36,"column":0},"end":{"line":36,"column":32}},"36":{"start":{"line":37,"column":0},"end":{"line":37,"column":9}},"37":{"start":{"line":38,"column":0},"end":{"line":38,"column":5}},"38":{"start":{"line":39,"column":0},"end":{"line":39,"column":1}}},"s":{"0":1,"1":1,"2":1,"3":1,"4":1,"5":1,"6":1,"7":1,"8":1,"9":11,"10":11,"11":11,"12":1,"13":11,"14":11,"15":11,"16":38,"17":4,"18":4,"19":38,"20":7,"21":11,"22":1,"23":1,"24":6,"25":11,"26":1,"27":1,"28":4,"29":4,"30":4,"31":4,"32":4,"33":4,"34":11,"35":2,"36":2,"37":11,"38":1},"branchMap":{"0":{"type":"branch","line":9,"loc":{"start":{"line":9,"column":4},"end":{"line":12,"column":5}},"locations":[{"start":{"line":9,"column":4},"end":{"line":12,"column":5}}]},"1":{"type":"branch","line":13,"loc":{"start":{"line":13,"column":4},"end":{"line":38,"column":5}},"locations":[{"start":{"line":13,"column":4},"end":{"line":38,"column":5}}]},"2":{"type":"branch","line":16,"loc":{"start":{"line":16,"column":48},"end":{"line":20,"column":13}},"locations":[{"start":{"line":16,"column":48},"end":{"line":20,"column":13}}]},"3":{"type":"branch","line":17,"loc":{"start":{"line":17,"column":46},"end":{"line":19,"column":17}},"locations":[{"start":{"line":17,"column":46},"end":{"line":19,"column":17}}]},"4":{"type":"branch","line":21,"loc":{"start":{"line":21,"column":-2},"end":{"line":22,"column":50}},"locations":[{"start":{"line":21,"column":-2},"end":{"line":22,"column":50}}]},"5":{"type":"branch","line":22,"loc":{"start":{"line":22,"column":50},"end":{"line":24,"column":13}},"locations":[{"start":{"line":22,"column":50},"end":{"line":24,"column":13}}]},"6":{"type":"branch","line":25,"loc":{"start":{"line":25,"column":-2},"end":{"line":26,"column":26}},"locations":[{"start":{"line":25,"column":-2},"end":{"line":26,"column":26}}]},"7":{"type":"branch","line":26,"loc":{"start":{"line":26,"column":26},"end":{"line":28,"column":13}},"locations":[{"start":{"line":26,"column":26},"end":{"line":28,"column":13}}]},"8":{"type":"branch","line":29,"loc":{"start":{"line":29,"column":-2},"end":{"line":35,"column":17}},"locations":[{"start":{"line":29,"column":-2},"end":{"line":35,"column":17}}]},"9":{"type":"branch","line":35,"loc":{"start":{"line":35,"column":10},"end":{"line":37,"column":9}},"locations":[{"start":{"line":35,"column":10},"end":{"line":37,"column":9}}]}},"b":{"0":[11],"1":[11],"2":[38],"3":[4],"4":[7],"5":[1],"6":[6],"7":[1],"8":[4],"9":[2]},"fnMap":{"0":{"name":"SignUpController","decl":{"start":{"line":9,"column":4},"end":{"line":12,"column":5}},"loc":{"start":{"line":9,"column":4},"end":{"line":12,"column":5}},"line":9},"1":{"name":"handle","decl":{"start":{"line":13,"column":4},"end":{"line":38,"column":5}},"loc":{"start":{"line":13,"column":4},"end":{"line":38,"column":5}},"line":13}},"f":{"0":11,"1":11}}
,"E:\\code\\CLEAN-NODE-API\\src\\presentation\\helper\\http-helper.ts": {"path":"E:\\code\\CLEAN-NODE-API\\src\\presentation\\helper\\http-helper.ts","all":false,"statementMap":{"0":{"start":{"line":1,"column":0},"end":{"line":1,"column":60}},"1":{"start":{"line":2,"column":0},"end":{"line":2,"column":51}},"2":{"start":{"line":3,"column":0},"end":{"line":3,"column":0}},"3":{"start":{"line":4,"column":0},"end":{"line":4,"column":60}},"4":{"start":{"line":5,"column":0},"end":{"line":5,"column":24}},"5":{"start":{"line":6,"column":0},"end":{"line":6,"column":19}},"6":{"start":{"line":7,"column":0},"end":{"line":7,"column":6}},"7":{"start":{"line":8,"column":0},"end":{"line":8,"column":0}},"8":{"start":{"line":9,"column":0},"end":{"line":9,"column":53}},"9":{"start":{"line":10,"column":0},"end":{"line":10,"column":24}},"10":{"start":{"line":11,"column":0},"end":{"line":11,"column":31}},"11":{"start":{"line":12,"column":0},"end":{"line":12,"column":6}},"12":{"start":{"line":13,"column":0},"end":{"line":13,"column":0}},"13":{"start":{"line":14,"column":0},"end":{"line":14,"column":53}},"14":{"start":{"line":15,"column":0},"end":{"line":15,"column":24}},"15":{"start":{"line":16,"column":0},"end":{"line":16,"column":18}},"16":{"start":{"line":17,"column":0},"end":{"line":17,"column":6}}},"s":{"0":1,"1":1,"2":1,"3":1,"4":6,"5":6,"6":6,"7":1,"8":1,"9":2,"10":2,"11":2,"12":1,"13":1,"14":3,"15":3,"16":3},"branchMap":{"0":{"type":"branch","line":4,"loc":{"start":{"line":4,"column":26},"end":{"line":7,"column":6}},"locations":[{"start":{"line":4,"column":26},"end":{"line":7,"column":6}}]},"1":{"type":"branch","line":9,"loc":{"start":{"line":9,"column":31},"end":{"line":12,"column":6}},"locations":[{"start":{"line":9,"column":31},"end":{"line":12,"column":6}}]},"2":{"type":"branch","line":14,"loc":{"start":{"line":14,"column":22},"end":{"line":17,"column":6}},"locations":[{"start":{"line":14,"column":22},"end":{"line":17,"column":6}}]}},"b":{"0":[6],"1":[2],"2":[3]},"fnMap":{"0":{"name":"badRequest","decl":{"start":{"line":4,"column":26},"end":{"line":7,"column":6}},"loc":{"start":{"line":4,"column":26},"end":{"line":7,"column":6}},"line":4},"1":{"name":"serverError","decl":{"start":{"line":9,"column":31},"end":{"line":12,"column":6}},"loc":{"start":{"line":9,"column":31},"end":{"line":12,"column":6}},"line":9},"2":{"name":"ok","decl":{"start":{"line":14,"column":22},"end":{"line":17,"column":6}},"loc":{"start":{"line":14,"column":22},"end":{"line":17,"column":6}},"line":14}},"f":{"0":6,"1":2,"2":3}}
}
