TN:
SF:src\domain\models\account.ts
FN:1,(empty-report)
FNF:1
FNH:0
FNDA:0,(empty-report)
DA:1,0
DA:2,0
DA:3,0
DA:4,0
DA:5,0
DA:6,0
LF:6
LH:0
BRDA:1,0,0,0
BRF:1
BRH:0
end_of_record
TN:
SF:src\presentation\controllers\protocols\signup\signup-protocols.ts
FN:1,(empty-report)
FNF:1
FNH:0
FNDA:0,(empty-report)
DA:1,0
DA:2,0
DA:3,0
DA:4,0
LF:4
LH:0
BRDA:1,0,0,0
BRF:1
BRH:0
end_of_record
TN:
SF:src\presentation\controllers\protocols\signup\signup.ts
FN:9,SignUpController
FN:13,handle
FNF:2
FNH:2
FNDA:10,SignUpController
FNDA:10,handle
DA:1,1
DA:2,1
DA:3,1
DA:4,1
DA:5,1
DA:6,1
DA:7,1
DA:8,1
DA:9,1
DA:10,10
DA:11,10
DA:12,10
DA:13,1
DA:14,10
DA:15,10
DA:16,10
DA:17,34
DA:18,4
DA:19,4
DA:20,34
DA:21,6
DA:22,10
DA:23,1
DA:24,1
DA:25,5
DA:26,10
DA:27,1
DA:28,1
DA:29,3
DA:30,3
DA:31,3
DA:32,3
DA:33,3
DA:34,10
DA:35,2
DA:36,2
DA:37,10
DA:38,1
LF:38
LH:38
BRDA:9,0,0,10
BRDA:13,1,0,10
BRDA:16,2,0,34
BRDA:17,3,0,4
BRDA:21,4,0,6
BRDA:22,5,0,1
BRDA:25,6,0,5
BRDA:26,7,0,1
BRDA:29,8,0,3
BRDA:34,9,0,2
BRF:10
BRH:10
end_of_record
TN:
SF:src\presentation\error\index.ts
FNF:0
FNH:0
DA:1,1
DA:2,1
DA:3,1
LF:3
LH:3
BRF:0
BRH:0
end_of_record
