TN:
SF:src\domain\models\account.ts
FN:1,(empty-report)
FNF:1
FNH:0
FNDA:0,(empty-report)
DA:1,0
DA:2,0
DA:3,0
DA:4,0
DA:5,0
DA:6,0
LF:6
LH:0
BRDA:1,0,0,0
BRF:1
BRH:0
end_of_record
TN:
SF:src\domain\usecases\add-account.ts
FN:1,(empty-report)
FNF:1
FNH:0
FNDA:0,(empty-report)
DA:1,0
DA:2,0
DA:3,0
DA:4,0
DA:5,0
DA:6,0
DA:7,0
DA:8,0
DA:9,0
DA:10,0
DA:11,0
LF:11
LH:0
BRDA:1,0,0,0
BRF:1
BRH:0
end_of_record
TN:
SF:src\presentation\controllers\protocols\controller.ts
FN:1,(empty-report)
FNF:1
FNH:0
FNDA:0,(empty-report)
DA:1,0
DA:2,0
DA:3,0
DA:4,0
DA:5,0
LF:5
LH:0
BRDA:1,0,0,0
BRF:1
BRH:0
end_of_record
TN:
SF:src\presentation\controllers\protocols\signup\signup-protocols.ts
FN:1,(empty-report)
FNF:1
FNH:0
FNDA:0,(empty-report)
DA:1,0
DA:2,0
DA:3,0
DA:4,0
LF:4
LH:0
BRDA:1,0,0,0
BRF:1
BRH:0
end_of_record
TN:
SF:src\presentation\controllers\protocols\signup\signup.ts
FN:9,SignUpController
FN:13,handle
FNF:2
FNH:2
FNDA:11,SignUpController
FNDA:11,handle
DA:1,1
DA:2,1
DA:3,1
DA:4,1
DA:5,1
DA:6,1
DA:7,1
DA:8,1
DA:9,1
DA:10,11
DA:11,11
DA:12,11
DA:13,1
DA:14,11
DA:15,11
DA:16,11
DA:17,38
DA:18,4
DA:19,4
DA:20,38
DA:21,7
DA:22,11
DA:23,1
DA:24,1
DA:25,6
DA:26,11
DA:27,1
DA:28,1
DA:29,4
DA:30,4
DA:31,4
DA:32,4
DA:33,4
DA:34,3
DA:35,11
DA:36,2
DA:37,2
DA:38,11
DA:39,1
LF:39
LH:39
BRDA:9,0,0,11
BRDA:13,1,0,11
BRDA:16,2,0,38
BRDA:17,3,0,4
BRDA:21,4,0,7
BRDA:22,5,0,1
BRDA:25,6,0,6
BRDA:26,7,0,1
BRDA:29,8,0,4
BRDA:34,9,0,3
BRDA:35,10,0,2
BRF:11
BRH:11
end_of_record
TN:
SF:src\presentation\error\index.ts
FNF:0
FNH:0
DA:1,1
DA:2,1
DA:3,1
LF:3
LH:3
BRF:0
BRH:0
end_of_record
TN:
SF:src\presentation\helper\http-helper.ts
FN:4,badRequest
FN:9,serverError
FN:14,ok
FNF:3
FNH:3
FNDA:6,badRequest
FNDA:2,serverError
FNDA:3,ok
DA:1,1
DA:2,1
DA:3,1
DA:4,1
DA:5,6
DA:6,6
DA:7,6
DA:8,1
DA:9,1
DA:10,2
DA:11,2
DA:12,2
DA:13,1
DA:14,1
DA:15,3
DA:16,3
DA:17,3
LF:17
LH:17
BRDA:4,0,0,6
BRDA:9,1,0,2
BRDA:14,2,0,3
BRF:3
BRH:3
end_of_record
